cutefish version: 1.0.0
问题：
1. 桌面打开后背景图片无法正常显示。(更新了vmware好像没出现了)
2. 应用启动器中有安装系统按钮但是没什么用。（没用的话应该删掉）
3. 应用启动器中有软件更新能弹出应用程序，但是无法正常工作。
4. 安装的系统用户不能使用sudo，可能也没有要弹框输入用户密码的功能。
5. 截图保存到本地不知道保存位置。
6. 视频播放器有边框不是圆角的。
7. 没有声音

需求功能：
1. 缺少记事本。			---安装Gedit
2. 缺少资源管理器。		---自己实现
3. 缺少默认浏览器。		---安装开源谷歌浏览器
4. 缺少输入法		    ---安装fcitx5
5. 处理系统语言问题     ---安装locales

cutefish version: 1.0.1
问题：
1. 登录界面还是英文的
2. 主界面顶部栏程序只能黑白色
3. 视频播放器有边框不是圆角的。

需求功能：
1. 总结之前几个月内的工作总结，主要是完成的内容和未完成的内容
2. 完成代码提交脚本

---------------------------------------------------------------------------------------------------

目前系统安装基本流程已经打通，下一步工作。
1. 搭建一个系统的文档网站
2. 开发软件管理程序:
    1. 支持deb,appimage两种格式
    2. 对debian所有软件包实现可控。
3. 开发系统任务管理器：
    1. cpu,内存,磁盘,网络,gpu实现监控。
    2. 对进程实现监控，对进程使用的系统资源进行监控(cpu,内存,磁盘,网络,gpu,线程)。
    3. 应用程序开机启动。
    4. 用户管理。
    5. systemd管理的服务实现监控
4. 硬件管理器:
    管理系统的所接入的硬件
5. bug修复和系统调优

